Netgen 1.5.287 compiled on Tue May  6 02:39:06 AM WIB 2025
Warning: netgen command 'format' use fully-qualified name '::netgen::format'
Warning: netgen command 'global' use fully-qualified name '::netgen::global'
Reading netlist file /home/mthudaa/vlsi/8bit_SAR-ADC_ITS/cdac_sw_1/cdac_sw_1.ext.spc
Call to undefined subcircuit sky130_fd_pr__pfet_01v8_hvt
Creating placeholder cell definition.
Call to undefined subcircuit sky130_fd_pr__nfet_01v8
Creating placeholder cell definition.
Call to undefined subcircuit sky130_fd_pr__pfet_01v8
Creating placeholder cell definition.
Reading netlist file /home/mthudaa/vlsi/8bit_SAR-ADC_ITS/cdac_sw_1/cdac_sw_1.sch.spc
Call to undefined subcircuit nooverlap_clk
Creating placeholder cell definition.
Call to undefined subcircuit tg_sw_1
Creating placeholder cell definition.
Call to undefined subcircuit dac_sw_1
Creating placeholder cell definition.
Call to undefined subcircuit sky130_fd_sc_hs__nand2_1
Creating placeholder cell definition.
Call to undefined subcircuit sky130_fd_sc_hs__inv_1
Creating placeholder cell definition.
Call to undefined subcircuit sky130_fd_sc_hs__inv_4
Creating placeholder cell definition.
Call to undefined subcircuit sky130_fd_sc_hs__inv_8
Creating placeholder cell definition.
Call to undefined subcircuit sky130_fd_pr__pfet_01v8
Creating placeholder cell definition.
Call to undefined subcircuit sky130_fd_pr__nfet_01v8_lvt
Creating placeholder cell definition.
Call to undefined subcircuit sky130_fd_pr__nfet_01v8
Creating placeholder cell definition.

Reading setup file /usr/local/share/pdk/sky130A/libs.tech/netgen/sky130A_setup.tcl

Model sky130_fd_pr__res_generic_po pin end_a == end_b
No property mult found for device sky130_fd_pr__res_generic_po
Model sky130_fd_pr__nfet_01v8 pin 1 == 3
No property mult found for device sky130_fd_pr__nfet_01v8
No property sa found for device sky130_fd_pr__nfet_01v8
No property sb found for device sky130_fd_pr__nfet_01v8
No property sd found for device sky130_fd_pr__nfet_01v8
No property nf found for device sky130_fd_pr__nfet_01v8
No property nrd found for device sky130_fd_pr__nfet_01v8
No property nrs found for device sky130_fd_pr__nfet_01v8
No property area found for device sky130_fd_pr__nfet_01v8
No property perim found for device sky130_fd_pr__nfet_01v8
No property topography found for device sky130_fd_pr__nfet_01v8
Model sky130_fd_pr__nfet_01v8 pin 1 == 3
No property as found for device sky130_fd_pr__nfet_01v8
No property ad found for device sky130_fd_pr__nfet_01v8
No property ps found for device sky130_fd_pr__nfet_01v8
No property pd found for device sky130_fd_pr__nfet_01v8
No property mult found for device sky130_fd_pr__nfet_01v8
No property sa found for device sky130_fd_pr__nfet_01v8
No property sb found for device sky130_fd_pr__nfet_01v8
No property sd found for device sky130_fd_pr__nfet_01v8
No property nrd found for device sky130_fd_pr__nfet_01v8
No property nrs found for device sky130_fd_pr__nfet_01v8
No property area found for device sky130_fd_pr__nfet_01v8
No property perim found for device sky130_fd_pr__nfet_01v8
No property topography found for device sky130_fd_pr__nfet_01v8
Model sky130_fd_pr__nfet_01v8_lvt pin 1 == 3
No property as found for device sky130_fd_pr__nfet_01v8_lvt
No property ad found for device sky130_fd_pr__nfet_01v8_lvt
No property ps found for device sky130_fd_pr__nfet_01v8_lvt
No property pd found for device sky130_fd_pr__nfet_01v8_lvt
No property mult found for device sky130_fd_pr__nfet_01v8_lvt
No property sa found for device sky130_fd_pr__nfet_01v8_lvt
No property sb found for device sky130_fd_pr__nfet_01v8_lvt
No property sd found for device sky130_fd_pr__nfet_01v8_lvt
No property nf found for device sky130_fd_pr__nfet_01v8_lvt
No property nrd found for device sky130_fd_pr__nfet_01v8_lvt
No property nrs found for device sky130_fd_pr__nfet_01v8_lvt
No property area found for device sky130_fd_pr__nfet_01v8_lvt
No property perim found for device sky130_fd_pr__nfet_01v8_lvt
No property topography found for device sky130_fd_pr__nfet_01v8_lvt
Model sky130_fd_pr__pfet_01v8 pin 1 == 3
No property mult found for device sky130_fd_pr__pfet_01v8
No property sa found for device sky130_fd_pr__pfet_01v8
No property sb found for device sky130_fd_pr__pfet_01v8
No property sd found for device sky130_fd_pr__pfet_01v8
No property nf found for device sky130_fd_pr__pfet_01v8
No property nrd found for device sky130_fd_pr__pfet_01v8
No property nrs found for device sky130_fd_pr__pfet_01v8
No property area found for device sky130_fd_pr__pfet_01v8
No property perim found for device sky130_fd_pr__pfet_01v8
No property topography found for device sky130_fd_pr__pfet_01v8
Model sky130_fd_pr__pfet_01v8 pin 1 == 3
No property as found for device sky130_fd_pr__pfet_01v8
No property ad found for device sky130_fd_pr__pfet_01v8
No property ps found for device sky130_fd_pr__pfet_01v8
No property pd found for device sky130_fd_pr__pfet_01v8
No property mult found for device sky130_fd_pr__pfet_01v8
No property sa found for device sky130_fd_pr__pfet_01v8
No property sb found for device sky130_fd_pr__pfet_01v8
No property sd found for device sky130_fd_pr__pfet_01v8
No property nrd found for device sky130_fd_pr__pfet_01v8
No property nrs found for device sky130_fd_pr__pfet_01v8
No property area found for device sky130_fd_pr__pfet_01v8
No property perim found for device sky130_fd_pr__pfet_01v8
No property topography found for device sky130_fd_pr__pfet_01v8
Model sky130_fd_pr__pfet_01v8_hvt pin 1 == 3
No property mult found for device sky130_fd_pr__pfet_01v8_hvt
No property sa found for device sky130_fd_pr__pfet_01v8_hvt
No property sb found for device sky130_fd_pr__pfet_01v8_hvt
No property sd found for device sky130_fd_pr__pfet_01v8_hvt
No property nf found for device sky130_fd_pr__pfet_01v8_hvt
No property nrd found for device sky130_fd_pr__pfet_01v8_hvt
No property nrs found for device sky130_fd_pr__pfet_01v8_hvt
No property area found for device sky130_fd_pr__pfet_01v8_hvt
No property perim found for device sky130_fd_pr__pfet_01v8_hvt
No property topography found for device sky130_fd_pr__pfet_01v8_hvt
No property value found for device sky130_fd_pr__diode_pw2nd_05v5
No property mult found for device sky130_fd_pr__diode_pw2nd_05v5
No property perim found for device sky130_fd_pr__diode_pw2nd_05v5
Comparison output logged to file /home/mthudaa/vlsi/8bit_SAR-ADC_ITS/cdac_sw_1/cdac_sw_1.lvs.out
Logging to file "/home/mthudaa/vlsi/8bit_SAR-ADC_ITS/cdac_sw_1/cdac_sw_1.lvs.out" enabled
Circuit sky130_fd_pr__nfet_01v8 contains no devices.
Circuit sky130_fd_pr__pfet_01v8 contains no devices.

Contents of circuit 1:  Circuit: 'nooverlap_clk'
Circuit nooverlap_clk contains 98 device instances.
  Class: sky130_fd_pr__nfet_01v8 instances:  49
  Class: sky130_fd_pr__pfet_01v8_hvt instances:  49
Circuit contains 18 nets.
Contents of circuit 2:  Circuit: 'nooverlap_clk'
Circuit nooverlap_clk contains 98 device instances.
  Class: sky130_fd_pr__nfet_01v8_lvt instances:  49
  Class: sky130_fd_pr__pfet_01v8 instances:  49
Circuit contains 18 nets.

Circuit was modified by parallel/series device merging.
New circuit summary:

Contents of circuit 1:  Circuit: 'nooverlap_clk'
Circuit nooverlap_clk contains 30 device instances.
  Class: sky130_fd_pr__nfet_01v8 instances:  15
  Class: sky130_fd_pr__pfet_01v8_hvt instances:  15
Circuit contains 18 nets.
Contents of circuit 2:  Circuit: 'nooverlap_clk'
Circuit nooverlap_clk contains 30 device instances.
  Class: sky130_fd_pr__nfet_01v8_lvt instances:  15
  Class: sky130_fd_pr__pfet_01v8 instances:  15
Circuit contains 18 nets.

Circuit 1 contains 30 devices, Circuit 2 contains 30 devices.
Circuit 1 contains 18 nets,    Circuit 2 contains 18 nets.

  Flattening non-matched subcircuits nooverlap_clk nooverlap_clk

Flattening instances of nooverlap_clk in file /home/mthudaa/vlsi/8bit_SAR-ADC_ITS/cdac_sw_1/cdac_sw_1.ext.spc
Flattening instances of nooverlap_clk in file /home/mthudaa/vlsi/8bit_SAR-ADC_ITS/cdac_sw_1/cdac_sw_1.sch.spc

Contents of circuit 1:  Circuit: 'tg_sw_1'
Circuit tg_sw_1 contains 40 device instances.
  Class: sky130_fd_pr__nfet_01v8 instances:  20
  Class: sky130_fd_pr__pfet_01v8 instances:  20
Circuit contains 6 nets.
Contents of circuit 2:  Circuit: 'tg_sw_1'
Circuit tg_sw_1 contains 2 device instances.
  Class: sky130_fd_pr__nfet_01v8 instances:   1
  Class: sky130_fd_pr__pfet_01v8 instances:   1
Circuit contains 6 nets.

Circuit was modified by parallel/series device merging.
New circuit summary:

Contents of circuit 1:  Circuit: 'tg_sw_1'
Circuit tg_sw_1 contains 2 device instances.
  Class: sky130_fd_pr__nfet_01v8 instances:   1
  Class: sky130_fd_pr__pfet_01v8 instances:   1
Circuit contains 6 nets.
Contents of circuit 2:  Circuit: 'tg_sw_1'
Circuit tg_sw_1 contains 2 device instances.
  Class: sky130_fd_pr__nfet_01v8 instances:   1
  Class: sky130_fd_pr__pfet_01v8 instances:   1
Circuit contains 6 nets.

Circuit 1 contains 2 devices, Circuit 2 contains 2 devices.
Circuit 1 contains 6 nets,    Circuit 2 contains 6 nets.


Contents of circuit 1:  Circuit: 'dac_sw_1'
Circuit dac_sw_1 contains 80 device instances.
  Class: sky130_fd_pr__nfet_01v8 instances:  40
  Class: sky130_fd_pr__pfet_01v8 instances:  40
Circuit contains 8 nets.
Contents of circuit 2:  Circuit: 'dac_sw_1'
Circuit dac_sw_1 contains 4 device instances.
  Class: sky130_fd_pr__nfet_01v8 instances:   2
  Class: sky130_fd_pr__pfet_01v8 instances:   2
Circuit contains 8 nets.

Circuit was modified by parallel/series device merging.
New circuit summary:

Contents of circuit 1:  Circuit: 'dac_sw_1'
Circuit dac_sw_1 contains 4 device instances.
  Class: sky130_fd_pr__nfet_01v8 instances:   2
  Class: sky130_fd_pr__pfet_01v8 instances:   2
Circuit contains 8 nets.
Contents of circuit 2:  Circuit: 'dac_sw_1'
Circuit dac_sw_1 contains 4 device instances.
  Class: sky130_fd_pr__nfet_01v8 instances:   2
  Class: sky130_fd_pr__pfet_01v8 instances:   2
Circuit contains 8 nets.

Circuit 1 contains 4 devices, Circuit 2 contains 4 devices.
Circuit 1 contains 8 nets,    Circuit 2 contains 8 nets.


Contents of circuit 1:  Circuit: 'cdac_sw_1'
Circuit cdac_sw_1 contains 34 device instances.
  Class: sky130_fd_pr__nfet_01v8 instances:  15
  Class: dac_sw_1              instances:   1
  Class: sky130_fd_pr__pfet_01v8_hvt instances:  15
  Class: tg_sw_1               instances:   3
Circuit contains 21 nets.
Contents of circuit 2:  Circuit: 'cdac_sw_1'
Circuit cdac_sw_1 contains 34 device instances.
  Class: dac_sw_1              instances:   1
  Class: sky130_fd_pr__nfet_01v8_lvt instances:  15
  Class: sky130_fd_pr__pfet_01v8 instances:  15
  Class: tg_sw_1               instances:   3
Circuit contains 21 nets.

Circuit 1 contains 34 devices, Circuit 2 contains 34 devices.
Circuit 1 contains 21 nets,    Circuit 2 contains 21 nets.


Final result: 
Netlists do not match.
Port matching may fail to disambiguate symmetries.
Logging to file "/home/mthudaa/vlsi/8bit_SAR-ADC_ITS/cdac_sw_1/cdac_sw_1.lvs.out" disabled
LVS Done.
