Netgen 1.5.287 compiled on Tue May  6 02:39:06 AM WIB 2025
Warning: netgen command 'format' use fully-qualified name '::netgen::format'
Warning: netgen command 'global' use fully-qualified name '::netgen::global'
Reading netlist file /home/mthudaa/vlsi/8bit_SAR-ADC_ITS/lvs/cdac_sw_10b/cdac_sw_10b.ext.spc
Call to undefined subcircuit sky130_fd_pr__pfet_01v8
Creating placeholder cell definition.
Call to undefined subcircuit sky130_fd_pr__nfet_01v8
Creating placeholder cell definition.
Call to undefined subcircuit sky130_fd_pr__nfet_01v8_lvt
Creating placeholder cell definition.
Reading netlist file /home/mthudaa/vlsi/8bit_SAR-ADC_ITS/lvs/cdac_sw_10b/cdac_sw_10b.sch.spc
Call to undefined subcircuit cdac_sw_1
Creating placeholder cell definition.
Call to undefined subcircuit cdac_sw_3
Creating placeholder cell definition.
Call to undefined subcircuit cdac_sw_5
Creating placeholder cell definition.
Call to undefined subcircuit cdac_sw_7
Creating placeholder cell definition.
Call to undefined subcircuit cdac_sw_9
Creating placeholder cell definition.
Call to undefined subcircuit cdac_sw_2
Creating placeholder cell definition.
Call to undefined subcircuit cdac_sw_4
Creating placeholder cell definition.
Call to undefined subcircuit cdac_sw_6
Creating placeholder cell definition.
Call to undefined subcircuit cdac_sw_8
Creating placeholder cell definition.
Call to undefined subcircuit cdac_sw_10
Creating placeholder cell definition.
Call to undefined subcircuit nooverlap_clk
Creating placeholder cell definition.
Call to undefined subcircuit tg_sw_1
Creating placeholder cell definition.
Call to undefined subcircuit dac_sw_1
Creating placeholder cell definition.
Call to undefined subcircuit tg_sw_3
Creating placeholder cell definition.
Call to undefined subcircuit dac_sw_3
Creating placeholder cell definition.
Call to undefined subcircuit tg_sw_5
Creating placeholder cell definition.
Call to undefined subcircuit dac_sw_5
Creating placeholder cell definition.
Call to undefined subcircuit tg_sw_7
Creating placeholder cell definition.
Call to undefined subcircuit dac_sw_7
Creating placeholder cell definition.
Call to undefined subcircuit tg_sw_8
Creating placeholder cell definition.
Call to undefined subcircuit dac_sw_8
Creating placeholder cell definition.
Call to undefined subcircuit tg_sw_2
Creating placeholder cell definition.
Call to undefined subcircuit dac_sw_2
Creating placeholder cell definition.
Call to undefined subcircuit tg_sw_4
Creating placeholder cell definition.
Call to undefined subcircuit dac_sw_4
Creating placeholder cell definition.
Call to undefined subcircuit tg_sw_10
Creating placeholder cell definition.
Call to undefined subcircuit dac_sw_10
Creating placeholder cell definition.
Call to undefined subcircuit sky130_fd_sc_hs__nand2_1
Creating placeholder cell definition.
Call to undefined subcircuit sky130_fd_sc_hs__inv_1
Creating placeholder cell definition.
Call to undefined subcircuit sky130_fd_sc_hs__inv_4
Creating placeholder cell definition.
Call to undefined subcircuit sky130_fd_sc_hs__inv_8
Creating placeholder cell definition.
Call to undefined subcircuit sky130_fd_pr__pfet_01v8
Creating placeholder cell definition.
Call to undefined subcircuit sky130_fd_pr__nfet_01v8_lvt
Creating placeholder cell definition.
Call to undefined subcircuit sky130_fd_pr__nfet_01v8
Creating placeholder cell definition.

Reading setup file /usr/local/share/pdk/sky130A/libs.tech/netgen/sky130A_setup.tcl

Model sky130_fd_pr__res_generic_po pin end_a == end_b
No property mult found for device sky130_fd_pr__res_generic_po
Model sky130_fd_pr__nfet_01v8 pin 1 == 3
No property mult found for device sky130_fd_pr__nfet_01v8
No property sa found for device sky130_fd_pr__nfet_01v8
No property sb found for device sky130_fd_pr__nfet_01v8
No property sd found for device sky130_fd_pr__nfet_01v8
No property nf found for device sky130_fd_pr__nfet_01v8
No property nrd found for device sky130_fd_pr__nfet_01v8
No property nrs found for device sky130_fd_pr__nfet_01v8
No property area found for device sky130_fd_pr__nfet_01v8
No property perim found for device sky130_fd_pr__nfet_01v8
No property topography found for device sky130_fd_pr__nfet_01v8
Model sky130_fd_pr__nfet_01v8 pin 1 == 3
No property as found for device sky130_fd_pr__nfet_01v8
No property ad found for device sky130_fd_pr__nfet_01v8
No property ps found for device sky130_fd_pr__nfet_01v8
No property pd found for device sky130_fd_pr__nfet_01v8
No property mult found for device sky130_fd_pr__nfet_01v8
No property sa found for device sky130_fd_pr__nfet_01v8
No property sb found for device sky130_fd_pr__nfet_01v8
No property sd found for device sky130_fd_pr__nfet_01v8
No property nrd found for device sky130_fd_pr__nfet_01v8
No property nrs found for device sky130_fd_pr__nfet_01v8
No property area found for device sky130_fd_pr__nfet_01v8
No property perim found for device sky130_fd_pr__nfet_01v8
No property topography found for device sky130_fd_pr__nfet_01v8
Model sky130_fd_pr__nfet_01v8_lvt pin 1 == 3
No property mult found for device sky130_fd_pr__nfet_01v8_lvt
No property sa found for device sky130_fd_pr__nfet_01v8_lvt
No property sb found for device sky130_fd_pr__nfet_01v8_lvt
No property sd found for device sky130_fd_pr__nfet_01v8_lvt
No property nf found for device sky130_fd_pr__nfet_01v8_lvt
No property nrd found for device sky130_fd_pr__nfet_01v8_lvt
No property nrs found for device sky130_fd_pr__nfet_01v8_lvt
No property area found for device sky130_fd_pr__nfet_01v8_lvt
No property perim found for device sky130_fd_pr__nfet_01v8_lvt
No property topography found for device sky130_fd_pr__nfet_01v8_lvt
Model sky130_fd_pr__nfet_01v8_lvt pin 1 == 3
No property as found for device sky130_fd_pr__nfet_01v8_lvt
No property ad found for device sky130_fd_pr__nfet_01v8_lvt
No property ps found for device sky130_fd_pr__nfet_01v8_lvt
No property pd found for device sky130_fd_pr__nfet_01v8_lvt
No property mult found for device sky130_fd_pr__nfet_01v8_lvt
No property sa found for device sky130_fd_pr__nfet_01v8_lvt
No property sb found for device sky130_fd_pr__nfet_01v8_lvt
No property sd found for device sky130_fd_pr__nfet_01v8_lvt
No property nf found for device sky130_fd_pr__nfet_01v8_lvt
No property nrd found for device sky130_fd_pr__nfet_01v8_lvt
No property nrs found for device sky130_fd_pr__nfet_01v8_lvt
No property area found for device sky130_fd_pr__nfet_01v8_lvt
No property perim found for device sky130_fd_pr__nfet_01v8_lvt
No property topography found for device sky130_fd_pr__nfet_01v8_lvt
Model sky130_fd_pr__pfet_01v8 pin 1 == 3
No property mult found for device sky130_fd_pr__pfet_01v8
No property sa found for device sky130_fd_pr__pfet_01v8
No property sb found for device sky130_fd_pr__pfet_01v8
No property sd found for device sky130_fd_pr__pfet_01v8
No property nf found for device sky130_fd_pr__pfet_01v8
No property nrd found for device sky130_fd_pr__pfet_01v8
No property nrs found for device sky130_fd_pr__pfet_01v8
No property area found for device sky130_fd_pr__pfet_01v8
No property perim found for device sky130_fd_pr__pfet_01v8
No property topography found for device sky130_fd_pr__pfet_01v8
Model sky130_fd_pr__pfet_01v8 pin 1 == 3
No property as found for device sky130_fd_pr__pfet_01v8
No property ad found for device sky130_fd_pr__pfet_01v8
No property ps found for device sky130_fd_pr__pfet_01v8
No property pd found for device sky130_fd_pr__pfet_01v8
No property mult found for device sky130_fd_pr__pfet_01v8
No property sa found for device sky130_fd_pr__pfet_01v8
No property sb found for device sky130_fd_pr__pfet_01v8
No property sd found for device sky130_fd_pr__pfet_01v8
No property nrd found for device sky130_fd_pr__pfet_01v8
No property nrs found for device sky130_fd_pr__pfet_01v8
No property area found for device sky130_fd_pr__pfet_01v8
No property perim found for device sky130_fd_pr__pfet_01v8
No property topography found for device sky130_fd_pr__pfet_01v8
No property value found for device sky130_fd_pr__diode_pw2nd_05v5
No property mult found for device sky130_fd_pr__diode_pw2nd_05v5
No property perim found for device sky130_fd_pr__diode_pw2nd_05v5
Comparison output logged to file /home/mthudaa/vlsi/8bit_SAR-ADC_ITS/lvs/cdac_sw_10b/cdac_sw_10b.lvs.out
Logging to file "/home/mthudaa/vlsi/8bit_SAR-ADC_ITS/lvs/cdac_sw_10b/cdac_sw_10b.lvs.out" enabled
Circuit sky130_fd_pr__pfet_01v8 contains no devices.
Circuit sky130_fd_pr__nfet_01v8 contains no devices.
Circuit sky130_fd_pr__nfet_01v8_lvt contains no devices.

Contents of circuit 1:  Circuit: 'sky130_fd_sc_hs__nand2_1'
Circuit sky130_fd_sc_hs__nand2_1 contains 4 device instances.
  Class: sky130_fd_pr__nfet_01v8_lvt instances:   2
  Class: sky130_fd_pr__pfet_01v8 instances:   2
Circuit contains 8 nets.
Contents of circuit 2:  Circuit: 'sky130_fd_sc_hs__nand2_1'
Circuit sky130_fd_sc_hs__nand2_1 contains 4 device instances.
  Class: sky130_fd_pr__nfet_01v8_lvt instances:   2
  Class: sky130_fd_pr__pfet_01v8 instances:   2
Circuit contains 8 nets.

Circuit 1 contains 4 devices, Circuit 2 contains 4 devices.
Circuit 1 contains 8 nets,    Circuit 2 contains 8 nets.


Contents of circuit 1:  Circuit: 'sky130_fd_sc_hs__inv_1'
Circuit sky130_fd_sc_hs__inv_1 contains 2 device instances.
  Class: sky130_fd_pr__nfet_01v8_lvt instances:   1
  Class: sky130_fd_pr__pfet_01v8 instances:   1
Circuit contains 6 nets.
Contents of circuit 2:  Circuit: 'sky130_fd_sc_hs__inv_1'
Circuit sky130_fd_sc_hs__inv_1 contains 2 device instances.
  Class: sky130_fd_pr__nfet_01v8_lvt instances:   1
  Class: sky130_fd_pr__pfet_01v8 instances:   1
Circuit contains 6 nets.

Circuit 1 contains 2 devices, Circuit 2 contains 2 devices.
Circuit 1 contains 6 nets,    Circuit 2 contains 6 nets.


Contents of circuit 1:  Circuit: 'sky130_fd_sc_hs__inv_4'
Circuit sky130_fd_sc_hs__inv_4 contains 8 device instances.
  Class: sky130_fd_pr__nfet_01v8_lvt instances:   4
  Class: sky130_fd_pr__pfet_01v8 instances:   4
Circuit contains 6 nets.
Contents of circuit 2:  Circuit: 'sky130_fd_sc_hs__inv_4'
Circuit sky130_fd_sc_hs__inv_4 contains 8 device instances.
  Class: sky130_fd_pr__nfet_01v8_lvt instances:   4
  Class: sky130_fd_pr__pfet_01v8 instances:   4
Circuit contains 6 nets.

Circuit was modified by parallel/series device merging.
New circuit summary:

Contents of circuit 1:  Circuit: 'sky130_fd_sc_hs__inv_4'
Circuit sky130_fd_sc_hs__inv_4 contains 2 device instances.
  Class: sky130_fd_pr__nfet_01v8_lvt instances:   1
  Class: sky130_fd_pr__pfet_01v8 instances:   1
Circuit contains 6 nets.
Contents of circuit 2:  Circuit: 'sky130_fd_sc_hs__inv_4'
Circuit sky130_fd_sc_hs__inv_4 contains 2 device instances.
  Class: sky130_fd_pr__nfet_01v8_lvt instances:   1
  Class: sky130_fd_pr__pfet_01v8 instances:   1
Circuit contains 6 nets.

Circuit 1 contains 2 devices, Circuit 2 contains 2 devices.
Circuit 1 contains 6 nets,    Circuit 2 contains 6 nets.


Contents of circuit 1:  Circuit: 'sky130_fd_sc_hs__inv_8'
Circuit sky130_fd_sc_hs__inv_8 contains 16 device instances.
  Class: sky130_fd_pr__nfet_01v8_lvt instances:   8
  Class: sky130_fd_pr__pfet_01v8 instances:   8
Circuit contains 6 nets.
Contents of circuit 2:  Circuit: 'sky130_fd_sc_hs__inv_8'
Circuit sky130_fd_sc_hs__inv_8 contains 16 device instances.
  Class: sky130_fd_pr__nfet_01v8_lvt instances:   8
  Class: sky130_fd_pr__pfet_01v8 instances:   8
Circuit contains 6 nets.

Circuit was modified by parallel/series device merging.
New circuit summary:

Contents of circuit 1:  Circuit: 'sky130_fd_sc_hs__inv_8'
Circuit sky130_fd_sc_hs__inv_8 contains 2 device instances.
  Class: sky130_fd_pr__nfet_01v8_lvt instances:   1
  Class: sky130_fd_pr__pfet_01v8 instances:   1
Circuit contains 6 nets.
Contents of circuit 2:  Circuit: 'sky130_fd_sc_hs__inv_8'
Circuit sky130_fd_sc_hs__inv_8 contains 2 device instances.
  Class: sky130_fd_pr__nfet_01v8_lvt instances:   1
  Class: sky130_fd_pr__pfet_01v8 instances:   1
Circuit contains 6 nets.

Circuit 1 contains 2 devices, Circuit 2 contains 2 devices.
Circuit 1 contains 6 nets,    Circuit 2 contains 6 nets.


Contents of circuit 1:  Circuit: 'nooverlap_clk'
Circuit nooverlap_clk contains 13 device instances.
  Class: sky130_fd_sc_hs__nand2_1 instances:   2
  Class: sky130_fd_sc_hs__inv_1 instances:   5
  Class: sky130_fd_sc_hs__inv_4 instances:   2
  Class: sky130_fd_sc_hs__inv_8 instances:   4
Circuit contains 16 nets.
Contents of circuit 2:  Circuit: 'nooverlap_clk'
Circuit nooverlap_clk contains 13 device instances.
  Class: sky130_fd_sc_hs__nand2_1 instances:   2
  Class: sky130_fd_sc_hs__inv_1 instances:   5
  Class: sky130_fd_sc_hs__inv_4 instances:   2
  Class: sky130_fd_sc_hs__inv_8 instances:   4
Circuit contains 16 nets.

Circuit 1 contains 13 devices, Circuit 2 contains 13 devices.
Circuit 1 contains 16 nets,    Circuit 2 contains 16 nets.


Contents of circuit 1:  Circuit: 'tg_sw_4'
Circuit tg_sw_4 contains 28 device instances.
  Class: sky130_fd_pr__nfet_01v8 instances:  14
  Class: sky130_fd_pr__pfet_01v8 instances:  14
Circuit contains 6 nets.
Contents of circuit 2:  Circuit: 'tg_sw_4'
Circuit tg_sw_4 contains 2 device instances.
  Class: sky130_fd_pr__nfet_01v8 instances:   1
  Class: sky130_fd_pr__pfet_01v8 instances:   1
Circuit contains 6 nets.

Circuit was modified by parallel/series device merging.
New circuit summary:

Contents of circuit 1:  Circuit: 'tg_sw_4'
Circuit tg_sw_4 contains 2 device instances.
  Class: sky130_fd_pr__nfet_01v8 instances:   1
  Class: sky130_fd_pr__pfet_01v8 instances:   1
Circuit contains 6 nets.
Contents of circuit 2:  Circuit: 'tg_sw_4'
Circuit tg_sw_4 contains 2 device instances.
  Class: sky130_fd_pr__nfet_01v8 instances:   1
  Class: sky130_fd_pr__pfet_01v8 instances:   1
Circuit contains 6 nets.

Circuit 1 contains 2 devices, Circuit 2 contains 2 devices.
Circuit 1 contains 6 nets,    Circuit 2 contains 6 nets.


Contents of circuit 1:  Circuit: 'dac_sw_4'
Circuit dac_sw_4 contains 56 device instances.
  Class: sky130_fd_pr__nfet_01v8 instances:  28
  Class: sky130_fd_pr__pfet_01v8 instances:  28
Circuit contains 8 nets.
Contents of circuit 2:  Circuit: 'dac_sw_4'
Circuit dac_sw_4 contains 4 device instances.
  Class: sky130_fd_pr__nfet_01v8 instances:   2
  Class: sky130_fd_pr__pfet_01v8 instances:   2
Circuit contains 8 nets.

Circuit was modified by parallel/series device merging.
New circuit summary:

Contents of circuit 1:  Circuit: 'dac_sw_4'
Circuit dac_sw_4 contains 4 device instances.
  Class: sky130_fd_pr__nfet_01v8 instances:   2
  Class: sky130_fd_pr__pfet_01v8 instances:   2
Circuit contains 8 nets.
Contents of circuit 2:  Circuit: 'dac_sw_4'
Circuit dac_sw_4 contains 4 device instances.
  Class: sky130_fd_pr__nfet_01v8 instances:   2
  Class: sky130_fd_pr__pfet_01v8 instances:   2
Circuit contains 8 nets.

Circuit 1 contains 4 devices, Circuit 2 contains 4 devices.
Circuit 1 contains 8 nets,    Circuit 2 contains 8 nets.


Contents of circuit 1:  Circuit: 'tg_sw_2'
Circuit tg_sw_2 contains 36 device instances.
  Class: sky130_fd_pr__nfet_01v8 instances:  18
  Class: sky130_fd_pr__pfet_01v8 instances:  18
Circuit contains 6 nets.
Contents of circuit 2:  Circuit: 'tg_sw_2'
Circuit tg_sw_2 contains 2 device instances.
  Class: sky130_fd_pr__nfet_01v8 instances:   1
  Class: sky130_fd_pr__pfet_01v8 instances:   1
Circuit contains 6 nets.

Circuit was modified by parallel/series device merging.
New circuit summary:

Contents of circuit 1:  Circuit: 'tg_sw_2'
Circuit tg_sw_2 contains 2 device instances.
  Class: sky130_fd_pr__nfet_01v8 instances:   1
  Class: sky130_fd_pr__pfet_01v8 instances:   1
Circuit contains 6 nets.
Contents of circuit 2:  Circuit: 'tg_sw_2'
Circuit tg_sw_2 contains 2 device instances.
  Class: sky130_fd_pr__nfet_01v8 instances:   1
  Class: sky130_fd_pr__pfet_01v8 instances:   1
Circuit contains 6 nets.

Circuit 1 contains 2 devices, Circuit 2 contains 2 devices.
Circuit 1 contains 6 nets,    Circuit 2 contains 6 nets.


Contents of circuit 1:  Circuit: 'dac_sw_2'
Circuit dac_sw_2 contains 72 device instances.
  Class: sky130_fd_pr__nfet_01v8 instances:  36
  Class: sky130_fd_pr__pfet_01v8 instances:  36
Circuit contains 8 nets.
Contents of circuit 2:  Circuit: 'dac_sw_2'
Circuit dac_sw_2 contains 4 device instances.
  Class: sky130_fd_pr__nfet_01v8 instances:   2
  Class: sky130_fd_pr__pfet_01v8 instances:   2
Circuit contains 8 nets.

Circuit was modified by parallel/series device merging.
New circuit summary:

Contents of circuit 1:  Circuit: 'dac_sw_2'
Circuit dac_sw_2 contains 4 device instances.
  Class: sky130_fd_pr__nfet_01v8 instances:   2
  Class: sky130_fd_pr__pfet_01v8 instances:   2
Circuit contains 8 nets.
Contents of circuit 2:  Circuit: 'dac_sw_2'
Circuit dac_sw_2 contains 4 device instances.
  Class: sky130_fd_pr__nfet_01v8 instances:   2
  Class: sky130_fd_pr__pfet_01v8 instances:   2
Circuit contains 8 nets.

Circuit 1 contains 4 devices, Circuit 2 contains 4 devices.
Circuit 1 contains 8 nets,    Circuit 2 contains 8 nets.


Contents of circuit 1:  Circuit: 'tg_sw_7'
Circuit tg_sw_7 contains 16 device instances.
  Class: sky130_fd_pr__nfet_01v8 instances:   8
  Class: sky130_fd_pr__pfet_01v8 instances:   8
Circuit contains 6 nets.
Contents of circuit 2:  Circuit: 'tg_sw_7'
Circuit tg_sw_7 contains 2 device instances.
  Class: sky130_fd_pr__nfet_01v8 instances:   1
  Class: sky130_fd_pr__pfet_01v8 instances:   1
Circuit contains 6 nets.

Circuit was modified by parallel/series device merging.
New circuit summary:

Contents of circuit 1:  Circuit: 'tg_sw_7'
Circuit tg_sw_7 contains 2 device instances.
  Class: sky130_fd_pr__nfet_01v8 instances:   1
  Class: sky130_fd_pr__pfet_01v8 instances:   1
Circuit contains 6 nets.
Contents of circuit 2:  Circuit: 'tg_sw_7'
Circuit tg_sw_7 contains 2 device instances.
  Class: sky130_fd_pr__nfet_01v8 instances:   1
  Class: sky130_fd_pr__pfet_01v8 instances:   1
Circuit contains 6 nets.

Circuit 1 contains 2 devices, Circuit 2 contains 2 devices.
Circuit 1 contains 6 nets,    Circuit 2 contains 6 nets.


Contents of circuit 1:  Circuit: 'dac_sw_7'
Circuit dac_sw_7 contains 32 device instances.
  Class: sky130_fd_pr__nfet_01v8 instances:  16
  Class: sky130_fd_pr__pfet_01v8 instances:  16
Circuit contains 8 nets.
Contents of circuit 2:  Circuit: 'dac_sw_7'
Circuit dac_sw_7 contains 4 device instances.
  Class: sky130_fd_pr__nfet_01v8 instances:   2
  Class: sky130_fd_pr__pfet_01v8 instances:   2
Circuit contains 8 nets.

Circuit was modified by parallel/series device merging.
New circuit summary:

Contents of circuit 1:  Circuit: 'dac_sw_7'
Circuit dac_sw_7 contains 4 device instances.
  Class: sky130_fd_pr__nfet_01v8 instances:   2
  Class: sky130_fd_pr__pfet_01v8 instances:   2
Circuit contains 8 nets.
Contents of circuit 2:  Circuit: 'dac_sw_7'
Circuit dac_sw_7 contains 4 device instances.
  Class: sky130_fd_pr__nfet_01v8 instances:   2
  Class: sky130_fd_pr__pfet_01v8 instances:   2
Circuit contains 8 nets.

Circuit 1 contains 4 devices, Circuit 2 contains 4 devices.
Circuit 1 contains 8 nets,    Circuit 2 contains 8 nets.


Contents of circuit 1:  Circuit: 'tg_sw_10'
Circuit tg_sw_10 contains 4 device instances.
  Class: sky130_fd_pr__nfet_01v8 instances:   2
  Class: sky130_fd_pr__pfet_01v8 instances:   2
Circuit contains 6 nets.
Contents of circuit 2:  Circuit: 'tg_sw_10'
Circuit tg_sw_10 contains 2 device instances.
  Class: sky130_fd_pr__nfet_01v8 instances:   1
  Class: sky130_fd_pr__pfet_01v8 instances:   1
Circuit contains 6 nets.

Circuit was modified by parallel/series device merging.
New circuit summary:

Contents of circuit 1:  Circuit: 'tg_sw_10'
Circuit tg_sw_10 contains 2 device instances.
  Class: sky130_fd_pr__nfet_01v8 instances:   1
  Class: sky130_fd_pr__pfet_01v8 instances:   1
Circuit contains 6 nets.
Contents of circuit 2:  Circuit: 'tg_sw_10'
Circuit tg_sw_10 contains 2 device instances.
  Class: sky130_fd_pr__nfet_01v8 instances:   1
  Class: sky130_fd_pr__pfet_01v8 instances:   1
Circuit contains 6 nets.

Circuit 1 contains 2 devices, Circuit 2 contains 2 devices.
Circuit 1 contains 6 nets,    Circuit 2 contains 6 nets.


Contents of circuit 1:  Circuit: 'dac_sw_10'
Circuit dac_sw_10 contains 8 device instances.
  Class: sky130_fd_pr__nfet_01v8 instances:   4
  Class: sky130_fd_pr__pfet_01v8 instances:   4
Circuit contains 8 nets.
Contents of circuit 2:  Circuit: 'dac_sw_10'
Circuit dac_sw_10 contains 4 device instances.
  Class: sky130_fd_pr__nfet_01v8 instances:   2
  Class: sky130_fd_pr__pfet_01v8 instances:   2
Circuit contains 8 nets.

Circuit was modified by parallel/series device merging.
New circuit summary:

Contents of circuit 1:  Circuit: 'dac_sw_10'
Circuit dac_sw_10 contains 4 device instances.
  Class: sky130_fd_pr__nfet_01v8 instances:   2
  Class: sky130_fd_pr__pfet_01v8 instances:   2
Circuit contains 8 nets.
Contents of circuit 2:  Circuit: 'dac_sw_10'
Circuit dac_sw_10 contains 4 device instances.
  Class: sky130_fd_pr__nfet_01v8 instances:   2
  Class: sky130_fd_pr__pfet_01v8 instances:   2
Circuit contains 8 nets.

Circuit 1 contains 4 devices, Circuit 2 contains 4 devices.
Circuit 1 contains 8 nets,    Circuit 2 contains 8 nets.


Contents of circuit 1:  Circuit: 'tg_sw_5'
Circuit tg_sw_5 contains 24 device instances.
  Class: sky130_fd_pr__nfet_01v8 instances:  12
  Class: sky130_fd_pr__pfet_01v8 instances:  12
Circuit contains 6 nets.
Contents of circuit 2:  Circuit: 'tg_sw_5'
Circuit tg_sw_5 contains 2 device instances.
  Class: sky130_fd_pr__nfet_01v8 instances:   1
  Class: sky130_fd_pr__pfet_01v8 instances:   1
Circuit contains 6 nets.

Circuit was modified by parallel/series device merging.
New circuit summary:

Contents of circuit 1:  Circuit: 'tg_sw_5'
Circuit tg_sw_5 contains 2 device instances.
  Class: sky130_fd_pr__nfet_01v8 instances:   1
  Class: sky130_fd_pr__pfet_01v8 instances:   1
Circuit contains 6 nets.
Contents of circuit 2:  Circuit: 'tg_sw_5'
Circuit tg_sw_5 contains 2 device instances.
  Class: sky130_fd_pr__nfet_01v8 instances:   1
  Class: sky130_fd_pr__pfet_01v8 instances:   1
Circuit contains 6 nets.

Circuit 1 contains 2 devices, Circuit 2 contains 2 devices.
Circuit 1 contains 6 nets,    Circuit 2 contains 6 nets.


Contents of circuit 1:  Circuit: 'dac_sw_5'
Circuit dac_sw_5 contains 48 device instances.
  Class: sky130_fd_pr__nfet_01v8 instances:  24
  Class: sky130_fd_pr__pfet_01v8 instances:  24
Circuit contains 8 nets.
Contents of circuit 2:  Circuit: 'dac_sw_5'
Circuit dac_sw_5 contains 4 device instances.
  Class: sky130_fd_pr__nfet_01v8 instances:   2
  Class: sky130_fd_pr__pfet_01v8 instances:   2
Circuit contains 8 nets.

Circuit was modified by parallel/series device merging.
New circuit summary:

Contents of circuit 1:  Circuit: 'dac_sw_5'
Circuit dac_sw_5 contains 4 device instances.
  Class: sky130_fd_pr__nfet_01v8 instances:   2
  Class: sky130_fd_pr__pfet_01v8 instances:   2
Circuit contains 8 nets.
Contents of circuit 2:  Circuit: 'dac_sw_5'
Circuit dac_sw_5 contains 4 device instances.
  Class: sky130_fd_pr__nfet_01v8 instances:   2
  Class: sky130_fd_pr__pfet_01v8 instances:   2
Circuit contains 8 nets.

Circuit 1 contains 4 devices, Circuit 2 contains 4 devices.
Circuit 1 contains 8 nets,    Circuit 2 contains 8 nets.


Contents of circuit 1:  Circuit: 'tg_sw_3'
Circuit tg_sw_3 contains 32 device instances.
  Class: sky130_fd_pr__nfet_01v8 instances:  16
  Class: sky130_fd_pr__pfet_01v8 instances:  16
Circuit contains 6 nets.
Contents of circuit 2:  Circuit: 'tg_sw_3'
Circuit tg_sw_3 contains 2 device instances.
  Class: sky130_fd_pr__nfet_01v8 instances:   1
  Class: sky130_fd_pr__pfet_01v8 instances:   1
Circuit contains 6 nets.

Circuit was modified by parallel/series device merging.
New circuit summary:

Contents of circuit 1:  Circuit: 'tg_sw_3'
Circuit tg_sw_3 contains 2 device instances.
  Class: sky130_fd_pr__nfet_01v8 instances:   1
  Class: sky130_fd_pr__pfet_01v8 instances:   1
Circuit contains 6 nets.
Contents of circuit 2:  Circuit: 'tg_sw_3'
Circuit tg_sw_3 contains 2 device instances.
  Class: sky130_fd_pr__nfet_01v8 instances:   1
  Class: sky130_fd_pr__pfet_01v8 instances:   1
Circuit contains 6 nets.

Circuit 1 contains 2 devices, Circuit 2 contains 2 devices.
Circuit 1 contains 6 nets,    Circuit 2 contains 6 nets.


Contents of circuit 1:  Circuit: 'dac_sw_3'
Circuit dac_sw_3 contains 64 device instances.
  Class: sky130_fd_pr__nfet_01v8 instances:  32
  Class: sky130_fd_pr__pfet_01v8 instances:  32
Circuit contains 8 nets.
Contents of circuit 2:  Circuit: 'dac_sw_3'
Circuit dac_sw_3 contains 4 device instances.
  Class: sky130_fd_pr__nfet_01v8 instances:   2
  Class: sky130_fd_pr__pfet_01v8 instances:   2
Circuit contains 8 nets.

Circuit was modified by parallel/series device merging.
New circuit summary:

Contents of circuit 1:  Circuit: 'dac_sw_3'
Circuit dac_sw_3 contains 4 device instances.
  Class: sky130_fd_pr__nfet_01v8 instances:   2
  Class: sky130_fd_pr__pfet_01v8 instances:   2
Circuit contains 8 nets.
Contents of circuit 2:  Circuit: 'dac_sw_3'
Circuit dac_sw_3 contains 4 device instances.
  Class: sky130_fd_pr__nfet_01v8 instances:   2
  Class: sky130_fd_pr__pfet_01v8 instances:   2
Circuit contains 8 nets.

Circuit 1 contains 4 devices, Circuit 2 contains 4 devices.
Circuit 1 contains 8 nets,    Circuit 2 contains 8 nets.


Contents of circuit 1:  Circuit: 'tg_sw_1'
Circuit tg_sw_1 contains 40 device instances.
  Class: sky130_fd_pr__nfet_01v8 instances:  20
  Class: sky130_fd_pr__pfet_01v8 instances:  20
Circuit contains 6 nets.
Contents of circuit 2:  Circuit: 'tg_sw_1'
Circuit tg_sw_1 contains 2 device instances.
  Class: sky130_fd_pr__nfet_01v8 instances:   1
  Class: sky130_fd_pr__pfet_01v8 instances:   1
Circuit contains 6 nets.

Circuit was modified by parallel/series device merging.
New circuit summary:

Contents of circuit 1:  Circuit: 'tg_sw_1'
Circuit tg_sw_1 contains 2 device instances.
  Class: sky130_fd_pr__nfet_01v8 instances:   1
  Class: sky130_fd_pr__pfet_01v8 instances:   1
Circuit contains 6 nets.
Contents of circuit 2:  Circuit: 'tg_sw_1'
Circuit tg_sw_1 contains 2 device instances.
  Class: sky130_fd_pr__nfet_01v8 instances:   1
  Class: sky130_fd_pr__pfet_01v8 instances:   1
Circuit contains 6 nets.

Circuit 1 contains 2 devices, Circuit 2 contains 2 devices.
Circuit 1 contains 6 nets,    Circuit 2 contains 6 nets.


Contents of circuit 1:  Circuit: 'dac_sw_1'
Circuit dac_sw_1 contains 80 device instances.
  Class: sky130_fd_pr__nfet_01v8 instances:  40
  Class: sky130_fd_pr__pfet_01v8 instances:  40
Circuit contains 8 nets.
Contents of circuit 2:  Circuit: 'dac_sw_1'
Circuit dac_sw_1 contains 4 device instances.
  Class: sky130_fd_pr__nfet_01v8 instances:   2
  Class: sky130_fd_pr__pfet_01v8 instances:   2
Circuit contains 8 nets.

Circuit was modified by parallel/series device merging.
New circuit summary:

Contents of circuit 1:  Circuit: 'dac_sw_1'
Circuit dac_sw_1 contains 4 device instances.
  Class: sky130_fd_pr__nfet_01v8 instances:   2
  Class: sky130_fd_pr__pfet_01v8 instances:   2
Circuit contains 8 nets.
Contents of circuit 2:  Circuit: 'dac_sw_1'
Circuit dac_sw_1 contains 4 device instances.
  Class: sky130_fd_pr__nfet_01v8 instances:   2
  Class: sky130_fd_pr__pfet_01v8 instances:   2
Circuit contains 8 nets.

Circuit 1 contains 4 devices, Circuit 2 contains 4 devices.
Circuit 1 contains 8 nets,    Circuit 2 contains 8 nets.


Contents of circuit 1:  Circuit: 'dac_sw_8'
Circuit dac_sw_8 contains 24 device instances.
  Class: sky130_fd_pr__nfet_01v8 instances:  12
  Class: sky130_fd_pr__pfet_01v8 instances:  12
Circuit contains 8 nets.
Contents of circuit 2:  Circuit: 'dac_sw_8'
Circuit dac_sw_8 contains 4 device instances.
  Class: sky130_fd_pr__nfet_01v8 instances:   2
  Class: sky130_fd_pr__pfet_01v8 instances:   2
Circuit contains 8 nets.

Circuit was modified by parallel/series device merging.
New circuit summary:

Contents of circuit 1:  Circuit: 'dac_sw_8'
Circuit dac_sw_8 contains 4 device instances.
  Class: sky130_fd_pr__nfet_01v8 instances:   2
  Class: sky130_fd_pr__pfet_01v8 instances:   2
Circuit contains 8 nets.
Contents of circuit 2:  Circuit: 'dac_sw_8'
Circuit dac_sw_8 contains 4 device instances.
  Class: sky130_fd_pr__nfet_01v8 instances:   2
  Class: sky130_fd_pr__pfet_01v8 instances:   2
Circuit contains 8 nets.

Circuit 1 contains 4 devices, Circuit 2 contains 4 devices.
Circuit 1 contains 8 nets,    Circuit 2 contains 8 nets.


Contents of circuit 1:  Circuit: 'tg_sw_8'
Circuit tg_sw_8 contains 12 device instances.
  Class: sky130_fd_pr__nfet_01v8 instances:   6
  Class: sky130_fd_pr__pfet_01v8 instances:   6
Circuit contains 6 nets.
Contents of circuit 2:  Circuit: 'tg_sw_8'
Circuit tg_sw_8 contains 2 device instances.
  Class: sky130_fd_pr__nfet_01v8 instances:   1
  Class: sky130_fd_pr__pfet_01v8 instances:   1
Circuit contains 6 nets.

Circuit was modified by parallel/series device merging.
New circuit summary:

Contents of circuit 1:  Circuit: 'tg_sw_8'
Circuit tg_sw_8 contains 2 device instances.
  Class: sky130_fd_pr__nfet_01v8 instances:   1
  Class: sky130_fd_pr__pfet_01v8 instances:   1
Circuit contains 6 nets.
Contents of circuit 2:  Circuit: 'tg_sw_8'
Circuit tg_sw_8 contains 2 device instances.
  Class: sky130_fd_pr__nfet_01v8 instances:   1
  Class: sky130_fd_pr__pfet_01v8 instances:   1
Circuit contains 6 nets.

Circuit 1 contains 2 devices, Circuit 2 contains 2 devices.
Circuit 1 contains 6 nets,    Circuit 2 contains 6 nets.


Contents of circuit 1:  Circuit: 'cdac_sw_6'
Circuit cdac_sw_6 contains 101 device instances.
  Class: sky130_fd_pr__nfet_01v8 instances:  50
  Class: nooverlap_clk         instances:   1
  Class: sky130_fd_pr__pfet_01v8 instances:  50
Circuit contains 12 nets.
Contents of circuit 2:  Circuit: 'cdac_sw_6'
Circuit cdac_sw_6 contains 5 device instances.
  Class: dac_sw_5              instances:   1
  Class: nooverlap_clk         instances:   1
  Class: tg_sw_5               instances:   3
Circuit contains 10 nets.

Flattened mismatched instances and attempting compare again.

Contents of circuit 1:  Circuit: 'cdac_sw_6'
Circuit cdac_sw_6 contains 101 device instances.
  Class: sky130_fd_pr__nfet_01v8 instances:  50
  Class: nooverlap_clk         instances:   1
  Class: sky130_fd_pr__pfet_01v8 instances:  50
Circuit contains 12 nets.
Contents of circuit 2:  Circuit: 'cdac_sw_6'
Circuit cdac_sw_6 contains 11 device instances.
  Class: sky130_fd_pr__nfet_01v8 instances:   5
  Class: nooverlap_clk         instances:   1
  Class: sky130_fd_pr__pfet_01v8 instances:   5
Circuit contains 12 nets.

Circuit was modified by parallel/series device merging.
New circuit summary:

Contents of circuit 1:  Circuit: 'cdac_sw_6'
Circuit cdac_sw_6 contains 11 device instances.
  Class: sky130_fd_pr__nfet_01v8 instances:   5
  Class: nooverlap_clk         instances:   1
  Class: sky130_fd_pr__pfet_01v8 instances:   5
Circuit contains 12 nets.
Contents of circuit 2:  Circuit: 'cdac_sw_6'
Circuit cdac_sw_6 contains 11 device instances.
  Class: sky130_fd_pr__nfet_01v8 instances:   5
  Class: nooverlap_clk         instances:   1
  Class: sky130_fd_pr__pfet_01v8 instances:   5
Circuit contains 12 nets.

Circuit 1 contains 11 devices, Circuit 2 contains 11 devices.
Circuit 1 contains 12 nets,    Circuit 2 contains 12 nets.


Contents of circuit 1:  Circuit: 'cdac_sw_4'
Circuit cdac_sw_4 contains 5 device instances.
  Class: dac_sw_4              instances:   1
  Class: nooverlap_clk         instances:   1
  Class: tg_sw_4               instances:   3
Circuit contains 10 nets.
Contents of circuit 2:  Circuit: 'cdac_sw_4'
Circuit cdac_sw_4 contains 5 device instances.
  Class: dac_sw_4              instances:   1
  Class: nooverlap_clk         instances:   1
  Class: tg_sw_4               instances:   3
Circuit contains 10 nets.

Circuit 1 contains 5 devices, Circuit 2 contains 5 devices.
Circuit 1 contains 10 nets,    Circuit 2 contains 10 nets.


Contents of circuit 1:  Circuit: 'cdac_sw_2'
Circuit cdac_sw_2 contains 5 device instances.
  Class: dac_sw_2              instances:   1
  Class: nooverlap_clk         instances:   1
  Class: tg_sw_2               instances:   3
Circuit contains 10 nets.
Contents of circuit 2:  Circuit: 'cdac_sw_2'
Circuit cdac_sw_2 contains 5 device instances.
  Class: dac_sw_2              instances:   1
  Class: nooverlap_clk         instances:   1
  Class: tg_sw_2               instances:   3
Circuit contains 10 nets.

Circuit 1 contains 5 devices, Circuit 2 contains 5 devices.
Circuit 1 contains 10 nets,    Circuit 2 contains 10 nets.


Contents of circuit 1:  Circuit: 'cdac_sw_9'
Circuit cdac_sw_9 contains 41 device instances.
  Class: sky130_fd_pr__nfet_01v8 instances:  20
  Class: nooverlap_clk         instances:   1
  Class: sky130_fd_pr__pfet_01v8 instances:  20
Circuit contains 12 nets.
Contents of circuit 2:  Circuit: 'cdac_sw_9'
Circuit cdac_sw_9 contains 5 device instances.
  Class: dac_sw_8              instances:   1
  Class: nooverlap_clk         instances:   1
  Class: tg_sw_8               instances:   3
Circuit contains 10 nets.

Flattened mismatched instances and attempting compare again.

Contents of circuit 1:  Circuit: 'cdac_sw_9'
Circuit cdac_sw_9 contains 41 device instances.
  Class: sky130_fd_pr__nfet_01v8 instances:  20
  Class: nooverlap_clk         instances:   1
  Class: sky130_fd_pr__pfet_01v8 instances:  20
Circuit contains 12 nets.
Contents of circuit 2:  Circuit: 'cdac_sw_9'
Circuit cdac_sw_9 contains 11 device instances.
  Class: sky130_fd_pr__nfet_01v8 instances:   5
  Class: nooverlap_clk         instances:   1
  Class: sky130_fd_pr__pfet_01v8 instances:   5
Circuit contains 12 nets.

Circuit was modified by parallel/series device merging.
New circuit summary:

Contents of circuit 1:  Circuit: 'cdac_sw_9'
Circuit cdac_sw_9 contains 11 device instances.
  Class: sky130_fd_pr__nfet_01v8 instances:   5
  Class: nooverlap_clk         instances:   1
  Class: sky130_fd_pr__pfet_01v8 instances:   5
Circuit contains 12 nets.
Contents of circuit 2:  Circuit: 'cdac_sw_9'
Circuit cdac_sw_9 contains 11 device instances.
  Class: sky130_fd_pr__nfet_01v8 instances:   5
  Class: nooverlap_clk         instances:   1
  Class: sky130_fd_pr__pfet_01v8 instances:   5
Circuit contains 12 nets.

Circuit 1 contains 11 devices, Circuit 2 contains 11 devices.
Circuit 1 contains 12 nets,    Circuit 2 contains 12 nets.


Contents of circuit 1:  Circuit: 'cdac_sw_7'
Circuit cdac_sw_7 contains 5 device instances.
  Class: dac_sw_7              instances:   1
  Class: nooverlap_clk         instances:   1
  Class: tg_sw_7               instances:   3
Circuit contains 10 nets.
Contents of circuit 2:  Circuit: 'cdac_sw_7'
Circuit cdac_sw_7 contains 5 device instances.
  Class: dac_sw_7              instances:   1
  Class: nooverlap_clk         instances:   1
  Class: tg_sw_7               instances:   3
Circuit contains 10 nets.

Circuit 1 contains 5 devices, Circuit 2 contains 5 devices.
Circuit 1 contains 10 nets,    Circuit 2 contains 10 nets.


Contents of circuit 1:  Circuit: 'cdac_sw_10'
Circuit cdac_sw_10 contains 5 device instances.
  Class: nooverlap_clk         instances:   1
  Class: dac_sw_10             instances:   1
  Class: tg_sw_10              instances:   3
Circuit contains 10 nets.
Contents of circuit 2:  Circuit: 'cdac_sw_10'
Circuit cdac_sw_10 contains 5 device instances.
  Class: nooverlap_clk         instances:   1
  Class: dac_sw_10             instances:   1
  Class: tg_sw_10              instances:   3
Circuit contains 10 nets.

Circuit 1 contains 5 devices, Circuit 2 contains 5 devices.
Circuit 1 contains 10 nets,    Circuit 2 contains 10 nets.


Contents of circuit 1:  Circuit: 'cdac_sw_5'
Circuit cdac_sw_5 contains 5 device instances.
  Class: dac_sw_5              instances:   1
  Class: nooverlap_clk         instances:   1
  Class: tg_sw_5               instances:   3
Circuit contains 10 nets.
Contents of circuit 2:  Circuit: 'cdac_sw_5'
Circuit cdac_sw_5 contains 5 device instances.
  Class: dac_sw_5              instances:   1
  Class: nooverlap_clk         instances:   1
  Class: tg_sw_5               instances:   3
Circuit contains 10 nets.

Circuit 1 contains 5 devices, Circuit 2 contains 5 devices.
Circuit 1 contains 10 nets,    Circuit 2 contains 10 nets.


Contents of circuit 1:  Circuit: 'cdac_sw_3'
Circuit cdac_sw_3 contains 5 device instances.
  Class: dac_sw_3              instances:   1
  Class: nooverlap_clk         instances:   1
  Class: tg_sw_3               instances:   3
Circuit contains 10 nets.
Contents of circuit 2:  Circuit: 'cdac_sw_3'
Circuit cdac_sw_3 contains 5 device instances.
  Class: dac_sw_3              instances:   1
  Class: nooverlap_clk         instances:   1
  Class: tg_sw_3               instances:   3
Circuit contains 10 nets.

Circuit 1 contains 5 devices, Circuit 2 contains 5 devices.
Circuit 1 contains 10 nets,    Circuit 2 contains 10 nets.


Contents of circuit 1:  Circuit: 'cdac_sw_1'
Circuit cdac_sw_1 contains 5 device instances.
  Class: dac_sw_1              instances:   1
  Class: nooverlap_clk         instances:   1
  Class: tg_sw_1               instances:   3
Circuit contains 10 nets.
Contents of circuit 2:  Circuit: 'cdac_sw_1'
Circuit cdac_sw_1 contains 5 device instances.
  Class: dac_sw_1              instances:   1
  Class: nooverlap_clk         instances:   1
  Class: tg_sw_1               instances:   3
Circuit contains 10 nets.

Circuit 1 contains 5 devices, Circuit 2 contains 5 devices.
Circuit 1 contains 10 nets,    Circuit 2 contains 10 nets.


Contents of circuit 1:  Circuit: 'cdac_sw_8'
Circuit cdac_sw_8 contains 5 device instances.
  Class: dac_sw_8              instances:   1
  Class: nooverlap_clk         instances:   1
  Class: tg_sw_8               instances:   3
Circuit contains 10 nets.
Contents of circuit 2:  Circuit: 'cdac_sw_8'
Circuit cdac_sw_8 contains 5 device instances.
  Class: dac_sw_8              instances:   1
  Class: nooverlap_clk         instances:   1
  Class: tg_sw_8               instances:   3
Circuit contains 10 nets.

Circuit 1 contains 5 devices, Circuit 2 contains 5 devices.
Circuit 1 contains 10 nets,    Circuit 2 contains 10 nets.


Contents of circuit 1:  Circuit: 'cdac_sw_10b'
Circuit cdac_sw_10b contains 10 device instances.
  Class: cdac_sw_10            instances:   1
  Class: cdac_sw_1             instances:   1
  Class: cdac_sw_2             instances:   1
  Class: cdac_sw_3             instances:   1
  Class: cdac_sw_4             instances:   1
  Class: cdac_sw_5             instances:   1
  Class: cdac_sw_6             instances:   1
  Class: cdac_sw_7             instances:   1
  Class: cdac_sw_8             instances:   1
  Class: cdac_sw_9             instances:   1
Circuit contains 33 nets.
Contents of circuit 2:  Circuit: 'cdac_sw_10b'
Circuit cdac_sw_10b contains 10 device instances.
  Class: cdac_sw_10            instances:   1
  Class: cdac_sw_1             instances:   1
  Class: cdac_sw_2             instances:   1
  Class: cdac_sw_3             instances:   1
  Class: cdac_sw_4             instances:   1
  Class: cdac_sw_5             instances:   1
  Class: cdac_sw_6             instances:   1
  Class: cdac_sw_7             instances:   1
  Class: cdac_sw_8             instances:   1
  Class: cdac_sw_9             instances:   1
Circuit contains 33 nets.

Circuit 1 contains 10 devices, Circuit 2 contains 10 devices.
Circuit 1 contains 33 nets,    Circuit 2 contains 33 nets.


Final result: 
Circuits match uniquely.
.

The following cells had property errors:
 cdac_sw_6
 cdac_sw_9

Logging to file "/home/mthudaa/vlsi/8bit_SAR-ADC_ITS/lvs/cdac_sw_10b/cdac_sw_10b.lvs.out" disabled
LVS Done.
