
Circuit 1 cell sky130_fd_pr__pfet_01v8 and Circuit 2 cell sky130_fd_pr__pfet_01v8 are black boxes.
Warning: Equate pins:  cell sky130_fd_pr__pfet_01v8 is a placeholder, treated as a black box.
Warning: Equate pins:  cell sky130_fd_pr__pfet_01v8 is a placeholder, treated as a black box.

Subcircuit pins:
Circuit 1: sky130_fd_pr__pfet_01v8         |Circuit 2: sky130_fd_pr__pfet_01v8         
-------------------------------------------|-------------------------------------------
1                                          |1                                          
2                                          |2                                          
3                                          |3                                          
4                                          |4                                          
---------------------------------------------------------------------------------------
Cell pin lists are equivalent.
Device classes sky130_fd_pr__pfet_01v8 and sky130_fd_pr__pfet_01v8 are equivalent.

Circuit 1 cell sky130_fd_pr__nfet_01v8 and Circuit 2 cell sky130_fd_pr__nfet_01v8 are black boxes.
Warning: Equate pins:  cell sky130_fd_pr__nfet_01v8 is a placeholder, treated as a black box.
Warning: Equate pins:  cell sky130_fd_pr__nfet_01v8 is a placeholder, treated as a black box.

Subcircuit pins:
Circuit 1: sky130_fd_pr__nfet_01v8         |Circuit 2: sky130_fd_pr__nfet_01v8         
-------------------------------------------|-------------------------------------------
1                                          |1                                          
2                                          |2                                          
3                                          |3                                          
4                                          |4                                          
---------------------------------------------------------------------------------------
Cell pin lists are equivalent.
Device classes sky130_fd_pr__nfet_01v8 and sky130_fd_pr__nfet_01v8 are equivalent.
Flattening unmatched subcell sky130_fd_pr__pfet_01v8_C9QZQZ in circuit dac_sw_1 (0)(2 instances)
Flattening unmatched subcell sky130_fd_pr__nfet_01v8_MKNP2D in circuit dac_sw_1 (0)(2 instances)

Class dac_sw_1 (0):  Merged 76 parallel devices.
Subcircuit summary:
Circuit 1: dac_sw_1                        |Circuit 2: dac_sw_1                        
-------------------------------------------|-------------------------------------------
sky130_fd_pr__pfet_01v8 (40->2)            |sky130_fd_pr__pfet_01v8 (40->2)            
sky130_fd_pr__nfet_01v8 (40->2)            |sky130_fd_pr__nfet_01v8 (40->2)            
Number of devices: 4                       |Number of devices: 4                       
Number of nets: 8                          |Number of nets: 8                          
---------------------------------------------------------------------------------------
Netlists match uniquely.

Subcircuit pins:
Circuit 1: dac_sw_1                        |Circuit 2: dac_sw_1                        
-------------------------------------------|-------------------------------------------
CKB                                        |ckb                                        
CK                                         |ck                                         
IN                                         |in                                         
OUT                                        |out                                        
VDD                                        |vdd                                        
VSS                                        |vss                                        
---------------------------------------------------------------------------------------
Cell pin lists are equivalent.
Device classes dac_sw_1 and dac_sw_1 are equivalent.

Final result: Circuits match uniquely.
.
