
Circuit 1 cell sky130_fd_pr__nfet_01v8 and Circuit 2 cell sky130_fd_pr__nfet_01v8 are black boxes.
Warning: Equate pins:  cell sky130_fd_pr__nfet_01v8 is a placeholder, treated as a black box.
Warning: Equate pins:  cell sky130_fd_pr__nfet_01v8 is a placeholder, treated as a black box.

Subcircuit pins:
Circuit 1: sky130_fd_pr__nfet_01v8         |Circuit 2: sky130_fd_pr__nfet_01v8         
-------------------------------------------|-------------------------------------------
1                                          |1                                          
2                                          |2                                          
3                                          |3                                          
4                                          |4                                          
---------------------------------------------------------------------------------------
Cell pin lists are equivalent.
Device classes sky130_fd_pr__nfet_01v8 and sky130_fd_pr__nfet_01v8 are equivalent.

Circuit 1 cell sky130_fd_pr__pfet_01v8 and Circuit 2 cell sky130_fd_pr__pfet_01v8 are black boxes.
Warning: Equate pins:  cell sky130_fd_pr__pfet_01v8 is a placeholder, treated as a black box.
Warning: Equate pins:  cell sky130_fd_pr__pfet_01v8 is a placeholder, treated as a black box.

Subcircuit pins:
Circuit 1: sky130_fd_pr__pfet_01v8         |Circuit 2: sky130_fd_pr__pfet_01v8         
-------------------------------------------|-------------------------------------------
1                                          |1                                          
2                                          |2                                          
3                                          |3                                          
4                                          |4                                          
---------------------------------------------------------------------------------------
Cell pin lists are equivalent.
Device classes sky130_fd_pr__pfet_01v8 and sky130_fd_pr__pfet_01v8 are equivalent.
Flattening unmatched subcell sky130_fd_pr__nfet_01v8_MKNP2D in circuit tg_sw_1 (0)(1 instance)
Flattening unmatched subcell sky130_fd_pr__pfet_01v8_C9QZQZ in circuit tg_sw_1 (0)(1 instance)

Class tg_sw_1 (0):  Merged 38 parallel devices.
Subcircuit summary:
Circuit 1: tg_sw_1                         |Circuit 2: tg_sw_1                         
-------------------------------------------|-------------------------------------------
sky130_fd_pr__nfet_01v8 (20->1)            |sky130_fd_pr__nfet_01v8 (20->1)            
sky130_fd_pr__pfet_01v8 (20->1)            |sky130_fd_pr__pfet_01v8 (20->1)            
Number of devices: 2                       |Number of devices: 2                       
Number of nets: 6                          |Number of nets: 6                          
---------------------------------------------------------------------------------------
Resolving symmetries by property value.
Resolving symmetries by pin name.
Netlists match uniquely.

Subcircuit pins:
Circuit 1: tg_sw_1                         |Circuit 2: tg_sw_1                         
-------------------------------------------|-------------------------------------------
SWP                                        |swp                                        
VDD                                        |vdd                                        
SWN                                        |swn                                        
VSS                                        |vss                                        
OUT                                        |out                                        
IN                                         |in                                         
---------------------------------------------------------------------------------------
Cell pin lists are equivalent.
Device classes tg_sw_1 and tg_sw_1 are equivalent.

Final result: Circuits match uniquely.
.
