Netgen 1.5.287 compiled on Tue May  6 02:39:06 AM WIB 2025
Warning: netgen command 'format' use fully-qualified name '::netgen::format'
Warning: netgen command 'global' use fully-qualified name '::netgen::global'
Reading netlist file /home/mthudaa/vlsi/8bit_SAR-ADC_ITS/lvs/th_sw_main/th_sw_main.ext.spc
Call to undefined subcircuit sky130_fd_pr__nfet_01v8
Creating placeholder cell definition.
Reading netlist file /home/mthudaa/vlsi/8bit_SAR-ADC_ITS/lvs/th_sw_main/th_sw_main.sch.spc
Call to undefined subcircuit sky130_fd_pr__nfet_01v8
Creating placeholder cell definition.

Reading setup file /usr/local/share/pdk/sky130A/libs.tech/netgen/sky130A_setup.tcl

Model sky130_fd_pr__nfet_01v8 pin 1 == 3
No property mult found for device sky130_fd_pr__nfet_01v8
No property sa found for device sky130_fd_pr__nfet_01v8
No property sb found for device sky130_fd_pr__nfet_01v8
No property sd found for device sky130_fd_pr__nfet_01v8
No property nf found for device sky130_fd_pr__nfet_01v8
No property nrd found for device sky130_fd_pr__nfet_01v8
No property nrs found for device sky130_fd_pr__nfet_01v8
No property area found for device sky130_fd_pr__nfet_01v8
No property perim found for device sky130_fd_pr__nfet_01v8
No property topography found for device sky130_fd_pr__nfet_01v8
Model sky130_fd_pr__nfet_01v8 pin 1 == 3
No property as found for device sky130_fd_pr__nfet_01v8
No property ad found for device sky130_fd_pr__nfet_01v8
No property ps found for device sky130_fd_pr__nfet_01v8
No property pd found for device sky130_fd_pr__nfet_01v8
No property mult found for device sky130_fd_pr__nfet_01v8
No property sa found for device sky130_fd_pr__nfet_01v8
No property sb found for device sky130_fd_pr__nfet_01v8
No property sd found for device sky130_fd_pr__nfet_01v8
No property nrd found for device sky130_fd_pr__nfet_01v8
No property nrs found for device sky130_fd_pr__nfet_01v8
No property area found for device sky130_fd_pr__nfet_01v8
No property perim found for device sky130_fd_pr__nfet_01v8
No property topography found for device sky130_fd_pr__nfet_01v8
Comparison output logged to file /home/mthudaa/vlsi/8bit_SAR-ADC_ITS/lvs/th_sw_main/th_sw_main.lvs.out
Logging to file "/home/mthudaa/vlsi/8bit_SAR-ADC_ITS/lvs/th_sw_main/th_sw_main.lvs.out" enabled
Circuit sky130_fd_pr__nfet_01v8 contains no devices.

Contents of circuit 1:  Circuit: 'th_sw_main'
Circuit th_sw_main contains 3 device instances.
  Class: sky130_fd_pr__nfet_01v8 instances:   3
Circuit contains 5 nets.
Contents of circuit 2:  Circuit: 'th_sw_main'
Circuit th_sw_main contains 3 device instances.
  Class: sky130_fd_pr__nfet_01v8 instances:   3
Circuit contains 5 nets.

Circuit 1 contains 3 devices, Circuit 2 contains 3 devices.
Circuit 1 contains 5 nets,    Circuit 2 contains 5 nets.


Final result: 
Circuits match uniquely.
.
Logging to file "/home/mthudaa/vlsi/8bit_SAR-ADC_ITS/lvs/th_sw_main/th_sw_main.lvs.out" disabled
LVS Done.
