
Circuit 1 cell sky130_fd_pr__nfet_01v8 and Circuit 2 cell sky130_fd_pr__nfet_01v8 are black boxes.
Warning: Equate pins:  cell sky130_fd_pr__nfet_01v8 is a placeholder, treated as a black box.
Warning: Equate pins:  cell sky130_fd_pr__nfet_01v8 is a placeholder, treated as a black box.

Subcircuit pins:
Circuit 1: sky130_fd_pr__nfet_01v8         |Circuit 2: sky130_fd_pr__nfet_01v8         
-------------------------------------------|-------------------------------------------
1                                          |1                                          
2                                          |2                                          
3                                          |3                                          
4                                          |4                                          
---------------------------------------------------------------------------------------
Cell pin lists are equivalent.
Device classes sky130_fd_pr__nfet_01v8 and sky130_fd_pr__nfet_01v8 are equivalent.
Flattening unmatched subcell sky130_fd_pr__nfet_01v8_9HAEH6 in circuit th_sw_main (0)(1 instance)
Flattening unmatched subcell sky130_fd_pr__nfet_01v8_9HAEJX in circuit th_sw_main (0)(1 instance)
Flattening unmatched subcell sky130_fd_pr__nfet_01v8_WBAE2P in circuit th_sw_main (0)(1 instance)

Subcircuit summary:
Circuit 1: th_sw_main                      |Circuit 2: th_sw_main                      
-------------------------------------------|-------------------------------------------
sky130_fd_pr__nfet_01v8 (3)                |sky130_fd_pr__nfet_01v8 (3)                
Number of devices: 3                       |Number of devices: 3                       
Number of nets: 5                          |Number of nets: 5                          
---------------------------------------------------------------------------------------
Resolving symmetries by property value.
Resolving symmetries by pin name.
Netlists match uniquely.

Subcircuit pins:
Circuit 1: th_sw_main                      |Circuit 2: th_sw_main                      
-------------------------------------------|-------------------------------------------
VGS                                        |VGS                                        
VSS                                        |VSS                                        
OUT                                        |OUT                                        
IN                                         |IN                                         
CK                                         |CK                                         
---------------------------------------------------------------------------------------
Cell pin lists are equivalent.
Device classes th_sw_main and th_sw_main are equivalent.

Final result: Circuits match uniquely.
.
